--------------------------------------------------------------------------------
Release 14.7 Trace  (lin64)
Copyright (c) 1995-2013 Xilinx, Inc.  All rights reserved.

/opt/Xilinx/14.7/ISE_DS/ISE/bin/lin64/unwrapped/trce -intstyle ise -v 3 -s 3 -n
3 -fastpaths -xml cpu16controller.twx cpu16controller.ncd -o
cpu16controller.twr cpu16controller.pcf -ucf cpu16controller.ucf

Design file:              cpu16controller.ncd
Physical constraint file: cpu16controller.pcf
Device,package,speed:     xc6slx4,tqg144,C,-3 (PRODUCTION 1.23 2016-11-22)
Report level:             verbose report

Environment Variable      Effect 
--------------------      ------ 
NONE                      No environment variables were set
--------------------------------------------------------------------------------

INFO:Timing:2698 - No timing constraints found, doing default enumeration.
INFO:Timing:3412 - To improve timing, see the Timing Closure User Guide (UG612).
INFO:Timing:2752 - To get complete path coverage, use the unconstrained paths 
   option. All paths that are not constrained will be reported in the 
   unconstrained paths section(s) of the report.
INFO:Timing:3339 - The clock-to-out numbers in this timing report are based on 
   a 50 Ohm transmission line loading model.  For the details of this model, 
   and for more information on accounting for different loading conditions, 
   please see the device datasheet.



Data Sheet report:
-----------------
All values displayed in nanoseconds (ns)

Setup/Hold to clock Clk
------------+------------+------------+------------+------------+------------------+--------+
            |Max Setup to|  Process   |Max Hold to |  Process   |                  | Clock  |
Source      | clk (edge) |   Corner   | clk (edge) |   Corner   |Internal Clock(s) | Phase  |
------------+------------+------------+------------+------------+------------------+--------+
SW<0>       |   -0.482(F)|      FAST  |    2.097(F)|      SLOW  |Clk_BUFGP         |   0.000|
SW<1>       |   -0.565(F)|      FAST  |    1.988(F)|      SLOW  |Clk_BUFGP         |   0.000|
SW<2>       |    1.263(F)|      SLOW  |    0.662(F)|      SLOW  |Clk_BUFGP         |   0.000|
------------+------------+------------+------------+------------+------------------+--------+

Clock Clk to Pad
------------+-----------------+------------+-----------------+------------+------------------+--------+
            |Max (slowest) clk|  Process   |Min (fastest) clk|  Process   |                  | Clock  |
Destination |  (edge) to PAD  |   Corner   |  (edge) to PAD  |   Corner   |Internal Clock(s) | Phase  |
------------+-----------------+------------+-----------------+------------+------------------+--------+
LED<0>      |        17.603(F)|      SLOW  |         7.193(F)|      FAST  |Clk_BUFGP         |   0.000|
LED<2>      |        17.494(F)|      SLOW  |         7.119(F)|      FAST  |Clk_BUFGP         |   0.000|
LED<3>      |        17.577(F)|      SLOW  |         7.179(F)|      FAST  |Clk_BUFGP         |   0.000|
LED<4>      |        16.283(F)|      SLOW  |         6.872(F)|      FAST  |Clk_BUFGP         |   0.000|
LED<5>      |        16.898(F)|      SLOW  |         6.959(F)|      FAST  |Clk_BUFGP         |   0.000|
LED<6>      |        16.439(F)|      SLOW  |         7.157(F)|      FAST  |Clk_BUFGP         |   0.000|
------------+-----------------+------------+-----------------+------------+------------------+--------+

Clock to Setup on destination clock Clk
---------------+---------+---------+---------+---------+
               | Src:Rise| Src:Fall| Src:Rise| Src:Fall|
Source Clock   |Dest:Rise|Dest:Rise|Dest:Fall|Dest:Fall|
---------------+---------+---------+---------+---------+
Clk            |         |         |         |    7.572|
---------------+---------+---------+---------+---------+

Pad to Pad
---------------+---------------+---------+
Source Pad     |Destination Pad|  Delay  |
---------------+---------------+---------+
SW<0>          |LED<0>         |    7.463|
SW<0>          |LED<2>         |    7.354|
SW<0>          |LED<3>         |    7.437|
SW<0>          |LED<4>         |    7.411|
SW<0>          |LED<5>         |    7.635|
SW<1>          |LED<0>         |    7.222|
SW<1>          |LED<2>         |    7.113|
SW<1>          |LED<3>         |    7.196|
SW<1>          |LED<5>         |    8.165|
SW<1>          |LED<6>         |    7.299|
---------------+---------------+---------+


Analysis completed Thu Jul 25 06:24:06 2019 
--------------------------------------------------------------------------------

Trace Settings:
-------------------------
Trace Settings 

Peak Memory Usage: 376 MB



