--------------------------------------------------------------------------------
Release 14.7 Trace  (lin64)
Copyright (c) 1995-2013 Xilinx, Inc.  All rights reserved.

/opt/Xilinx/14.7/ISE_DS/ISE/bin/lin64/unwrapped/trce -intstyle ise -v 3 -s 3 -n
3 -fastpaths -xml led7seg.twx led7seg.ncd -o led7seg.twr led7seg.pcf -ucf
led7seg.ucf

Design file:              led7seg.ncd
Physical constraint file: led7seg.pcf
Device,package,speed:     xc6slx4,tqg144,C,-3 (PRODUCTION 1.23 2016-11-22)
Report level:             verbose report

Environment Variable      Effect 
--------------------      ------ 
NONE                      No environment variables were set
--------------------------------------------------------------------------------

INFO:Timing:2698 - No timing constraints found, doing default enumeration.
INFO:Timing:3412 - To improve timing, see the Timing Closure User Guide (UG612).
INFO:Timing:2752 - To get complete path coverage, use the unconstrained paths 
   option. All paths that are not constrained will be reported in the 
   unconstrained paths section(s) of the report.
INFO:Timing:3339 - The clock-to-out numbers in this timing report are based on 
   a 50 Ohm transmission line loading model.  For the details of this model, 
   and for more information on accounting for different loading conditions, 
   please see the device datasheet.



Data Sheet report:
-----------------
All values displayed in nanoseconds (ns)

Pad to Pad
---------------+---------------+---------+
Source Pad     |Destination Pad|  Delay  |
---------------+---------------+---------+
I1             |LED<0>         |    7.051|
I1             |LED<2>         |    6.811|
I1             |LED<3>         |    6.884|
I1             |LED<4>         |    5.748|
I1             |LED<5>         |    6.778|
I2             |LED<0>         |    7.083|
I2             |LED<2>         |    6.886|
I2             |LED<3>         |    6.916|
I2             |LED<5>         |    6.810|
I2             |LED<6>         |    5.965|
---------------+---------------+---------+


Analysis completed Thu Jul 11 06:59:07 2019 
--------------------------------------------------------------------------------

Trace Settings:
-------------------------
Trace Settings 

Peak Memory Usage: 375 MB



